2025-11-03 17:53:56 | INFO     | __main__:get_tauron_planned_shutdowns:509 - Province: Dolnośląskie with GAID: 2
2025-11-03 17:53:56 | INFO     | __main__:get_tauron_planned_shutdowns:512 - 	District: bolesławiecki with GAID: 1034
2025-11-03 17:53:56 | INFO     | __main__:get_tauron_planned_shutdowns:512 - 	District: dzierżoniowski with GAID: 1019
2025-11-03 17:53:57 | INFO     | __main__:get_tauron_planned_shutdowns:512 - 	District: głogowski with GAID: 1020
2025-11-03 17:53:58 | INFO     | __main__:get_tauron_planned_shutdowns:512 - 	District: górowski with GAID: 1021
2025-11-03 17:54:11 | INFO     | __main__:get_tauron_planned_shutdowns:509 - Province: Dolnośląskie with GAID: 2
2025-11-03 17:54:11 | INFO     | __main__:get_tauron_planned_shutdowns:512 - 	District: bolesławiecki with GAID: 1034
2025-11-03 17:54:12 | INFO     | __main__:get_tauron_planned_shutdowns:512 - 	District: dzierżoniowski with GAID: 1019
2025-11-03 17:54:13 | INFO     | __main__:get_tauron_planned_shutdowns:512 - 	District: głogowski with GAID: 1020
2025-11-03 17:54:14 | INFO     | __main__:get_tauron_planned_shutdowns:512 - 	District: górowski with GAID: 1021
2025-11-03 17:54:14 | INFO     | __main__:get_tauron_planned_shutdowns:512 - 	District: jaworski with GAID: 1022
2025-11-03 17:54:15 | INFO     | __main__:get_tauron_planned_shutdowns:512 - 	District: kamiennogórski with GAID: 1024
2025-11-03 17:54:16 | INFO     | __main__:get_tauron_planned_shutdowns:512 - 	District: kłodzki with GAID: 1025
2025-11-03 17:54:16 | INFO     | __main__:get_tauron_planned_shutdowns:512 - 	District: legnicki with GAID: 1026
2025-11-03 17:54:17 | INFO     | __main__:get_tauron_planned_shutdowns:512 - 	District: lubański with GAID: 1027
2025-11-03 17:54:18 | INFO     | __main__:get_tauron_planned_shutdowns:512 - 	District: lubiński with GAID: 1028
2025-11-03 17:54:19 | INFO     | __main__:get_tauron_planned_shutdowns:512 - 	District: lwówecki with GAID: 1029
2025-11-03 17:54:19 | INFO     | __main__:get_tauron_planned_shutdowns:512 - 	District: milicki with GAID: 1030
2025-11-03 17:54:20 | INFO     | __main__:get_tauron_planned_shutdowns:512 - 	District: oleśnicki with GAID: 1031
2025-11-03 17:54:21 | INFO     | __main__:get_tauron_planned_shutdowns:512 - 	District: oławski with GAID: 1032
2025-11-03 17:54:21 | INFO     | __main__:get_tauron_planned_shutdowns:512 - 	District: polkowicki with GAID: 1033
2025-11-03 17:54:22 | INFO     | __main__:get_tauron_planned_shutdowns:512 - 	District: strzeliński with GAID: 1035
2025-11-03 17:54:23 | INFO     | __main__:get_tauron_planned_shutdowns:512 - 	District: średzki with GAID: 1036
2025-11-03 17:54:24 | INFO     | __main__:get_tauron_planned_shutdowns:512 - 	District: świdnicki with GAID: 1037
2025-11-03 17:54:24 | INFO     | __main__:get_tauron_planned_shutdowns:512 - 	District: trzebnicki with GAID: 1038
2025-11-03 17:54:25 | INFO     | __main__:get_tauron_planned_shutdowns:512 - 	District: wałbrzyski with GAID: 1039
2025-11-03 17:54:26 | INFO     | __main__:get_tauron_planned_shutdowns:512 - 	District: wołowski with GAID: 1040
2025-11-03 17:54:26 | INFO     | __main__:get_tauron_planned_shutdowns:512 - 	District: wrocławski with GAID: 1041
2025-11-03 17:54:27 | INFO     | __main__:get_tauron_planned_shutdowns:512 - 	District: ząbkowicki with GAID: 1042
2025-11-03 17:54:28 | INFO     | __main__:get_tauron_planned_shutdowns:512 - 	District: zgorzelecki with GAID: 1043
2025-11-03 17:54:28 | INFO     | __main__:get_tauron_planned_shutdowns:512 - 	District: złotoryjski with GAID: 1044
2025-11-03 17:54:29 | INFO     | __main__:get_tauron_planned_shutdowns:512 - 	District: jelenia góra with GAID: 1045
2025-11-03 17:54:30 | INFO     | __main__:get_tauron_planned_shutdowns:512 - 	District: legnica with GAID: 1046
2025-11-03 17:54:30 | INFO     | __main__:get_tauron_planned_shutdowns:512 - 	District: wałbrzych with GAID: 1398
2025-11-03 17:54:31 | INFO     | __main__:get_tauron_planned_shutdowns:512 - 	District: wrocław with GAID: 1047
2025-11-03 17:59:08 | INFO     | __main__:get_tauron_planned_shutdowns:510 - Province: Dolnośląskie with GAID: 2
2025-11-03 17:59:08 | INFO     | __main__:get_tauron_planned_shutdowns:513 - 	District: bolesławiecki with GAID: 1034
2025-11-03 17:59:08 | INFO     | __main__:get_tauron_planned_shutdowns:513 - 	District: dzierżoniowski with GAID: 1019
2025-11-03 17:59:08 | INFO     | __main__:get_tauron_planned_shutdowns:513 - 	District: głogowski with GAID: 1020
2025-11-03 17:59:08 | INFO     | __main__:get_tauron_planned_shutdowns:513 - 	District: górowski with GAID: 1021
2025-11-03 17:59:08 | INFO     | __main__:get_tauron_planned_shutdowns:513 - 	District: jaworski with GAID: 1022
2025-11-03 17:59:08 | INFO     | __main__:get_tauron_planned_shutdowns:513 - 	District: kamiennogórski with GAID: 1024
2025-11-03 17:59:09 | INFO     | __main__:get_tauron_planned_shutdowns:513 - 	District: kłodzki with GAID: 1025
2025-11-03 17:59:09 | INFO     | __main__:get_tauron_planned_shutdowns:513 - 	District: legnicki with GAID: 1026
2025-11-03 17:59:09 | INFO     | __main__:get_tauron_planned_shutdowns:513 - 	District: lubański with GAID: 1027
2025-11-03 17:59:09 | INFO     | __main__:get_tauron_planned_shutdowns:513 - 	District: lubiński with GAID: 1028
2025-11-03 17:59:09 | INFO     | __main__:get_tauron_planned_shutdowns:513 - 	District: lwówecki with GAID: 1029
2025-11-03 17:59:10 | INFO     | __main__:get_tauron_planned_shutdowns:513 - 	District: milicki with GAID: 1030
2025-11-03 17:59:10 | INFO     | __main__:get_tauron_planned_shutdowns:513 - 	District: oleśnicki with GAID: 1031
2025-11-03 17:59:10 | INFO     | __main__:get_tauron_planned_shutdowns:513 - 	District: oławski with GAID: 1032
2025-11-03 17:59:10 | INFO     | __main__:get_tauron_planned_shutdowns:513 - 	District: polkowicki with GAID: 1033
2025-11-03 17:59:10 | INFO     | __main__:get_tauron_planned_shutdowns:513 - 	District: strzeliński with GAID: 1035
2025-11-03 17:59:10 | INFO     | __main__:get_tauron_planned_shutdowns:513 - 	District: średzki with GAID: 1036
2025-11-03 17:59:11 | INFO     | __main__:get_tauron_planned_shutdowns:513 - 	District: świdnicki with GAID: 1037
2025-11-03 17:59:11 | INFO     | __main__:get_tauron_planned_shutdowns:513 - 	District: trzebnicki with GAID: 1038
2025-11-03 17:59:11 | INFO     | __main__:get_tauron_planned_shutdowns:513 - 	District: wałbrzyski with GAID: 1039
2025-11-03 17:59:11 | INFO     | __main__:get_tauron_planned_shutdowns:513 - 	District: wołowski with GAID: 1040
2025-11-03 17:59:12 | INFO     | __main__:get_tauron_planned_shutdowns:513 - 	District: wrocławski with GAID: 1041
2025-11-03 17:59:12 | INFO     | __main__:get_tauron_planned_shutdowns:513 - 	District: ząbkowicki with GAID: 1042
2025-11-03 17:59:13 | INFO     | __main__:get_tauron_planned_shutdowns:513 - 	District: zgorzelecki with GAID: 1043
2025-11-03 17:59:13 | INFO     | __main__:get_tauron_planned_shutdowns:513 - 	District: złotoryjski with GAID: 1044
2025-11-03 17:59:13 | INFO     | __main__:get_tauron_planned_shutdowns:513 - 	District: jelenia góra with GAID: 1045
2025-11-03 17:59:13 | INFO     | __main__:get_tauron_planned_shutdowns:513 - 	District: legnica with GAID: 1046
2025-11-03 17:59:13 | INFO     | __main__:get_tauron_planned_shutdowns:513 - 	District: wałbrzych with GAID: 1398
2025-11-03 17:59:13 | INFO     | __main__:get_tauron_planned_shutdowns:513 - 	District: wrocław with GAID: 1047
2025-11-03 18:09:11 | INFO     | __main__:get_tauron_planned_shutdowns:585 - Province: Dolnośląskie with GAID: 2
2025-11-03 18:09:11 | INFO     | __main__:get_tauron_planned_shutdowns:588 - 	District: bolesławiecki with GAID: 1034
2025-11-03 18:09:12 | INFO     | __main__:get_tauron_planned_shutdowns:588 - 	District: dzierżoniowski with GAID: 1019
2025-11-03 18:09:12 | INFO     | __main__:get_tauron_planned_shutdowns:588 - 	District: głogowski with GAID: 1020
2025-11-03 18:09:12 | INFO     | __main__:get_tauron_planned_shutdowns:588 - 	District: górowski with GAID: 1021
2025-11-03 18:09:19 | INFO     | __main__:get_tauron_planned_shutdowns:585 - Province: Dolnośląskie with GAID: 2
2025-11-03 18:09:19 | INFO     | __main__:get_tauron_planned_shutdowns:588 - 	District: bolesławiecki with GAID: 1034
2025-11-03 18:09:20 | INFO     | __main__:get_tauron_planned_shutdowns:588 - 	District: dzierżoniowski with GAID: 1019
2025-11-03 18:09:20 | INFO     | __main__:get_tauron_planned_shutdowns:588 - 	District: głogowski with GAID: 1020
2025-11-03 18:09:21 | INFO     | __main__:get_tauron_planned_shutdowns:588 - 	District: górowski with GAID: 1021
2025-11-03 18:09:21 | INFO     | __main__:get_tauron_planned_shutdowns:588 - 	District: jaworski with GAID: 1022
2025-11-03 18:09:21 | INFO     | __main__:get_tauron_planned_shutdowns:588 - 	District: kamiennogórski with GAID: 1024
2025-11-03 18:09:23 | INFO     | __main__:get_tauron_planned_shutdowns:588 - 	District: kłodzki with GAID: 1025
2025-11-03 18:09:23 | INFO     | __main__:get_tauron_planned_shutdowns:588 - 	District: legnicki with GAID: 1026
2025-11-03 18:09:23 | INFO     | __main__:get_tauron_planned_shutdowns:588 - 	District: lubański with GAID: 1027
2025-11-03 18:09:23 | INFO     | __main__:get_tauron_planned_shutdowns:588 - 	District: lubiński with GAID: 1028
2025-11-03 18:09:23 | INFO     | __main__:get_tauron_planned_shutdowns:588 - 	District: lwówecki with GAID: 1029
2025-11-03 18:09:24 | INFO     | __main__:get_tauron_planned_shutdowns:588 - 	District: milicki with GAID: 1030
2025-11-03 18:09:24 | INFO     | __main__:get_tauron_planned_shutdowns:588 - 	District: oleśnicki with GAID: 1031
2025-11-03 18:09:24 | INFO     | __main__:get_tauron_planned_shutdowns:588 - 	District: oławski with GAID: 1032
2025-11-03 18:09:24 | INFO     | __main__:get_tauron_planned_shutdowns:588 - 	District: polkowicki with GAID: 1033
2025-11-03 18:09:24 | INFO     | __main__:get_tauron_planned_shutdowns:588 - 	District: strzeliński with GAID: 1035
2025-11-03 18:09:24 | INFO     | __main__:get_tauron_planned_shutdowns:588 - 	District: średzki with GAID: 1036
2025-11-03 18:09:25 | INFO     | __main__:get_tauron_planned_shutdowns:588 - 	District: świdnicki with GAID: 1037
2025-11-03 18:09:25 | INFO     | __main__:get_tauron_planned_shutdowns:588 - 	District: trzebnicki with GAID: 1038
2025-11-03 18:09:26 | INFO     | __main__:get_tauron_planned_shutdowns:588 - 	District: wałbrzyski with GAID: 1039
2025-11-03 18:09:26 | INFO     | __main__:get_tauron_planned_shutdowns:588 - 	District: wołowski with GAID: 1040
2025-11-03 18:09:26 | INFO     | __main__:get_tauron_planned_shutdowns:588 - 	District: wrocławski with GAID: 1041
2025-11-03 18:09:26 | INFO     | __main__:get_tauron_planned_shutdowns:588 - 	District: ząbkowicki with GAID: 1042
2025-11-03 18:09:27 | INFO     | __main__:get_tauron_planned_shutdowns:588 - 	District: zgorzelecki with GAID: 1043
2025-11-03 18:09:27 | INFO     | __main__:get_tauron_planned_shutdowns:588 - 	District: złotoryjski with GAID: 1044
2025-11-03 18:09:27 | INFO     | __main__:get_tauron_planned_shutdowns:588 - 	District: jelenia góra with GAID: 1045
2025-11-03 18:09:27 | INFO     | __main__:get_tauron_planned_shutdowns:588 - 	District: legnica with GAID: 1046
2025-11-03 18:09:27 | INFO     | __main__:get_tauron_planned_shutdowns:588 - 	District: wałbrzych with GAID: 1398
2025-11-03 18:09:27 | INFO     | __main__:get_tauron_planned_shutdowns:588 - 	District: wrocław with GAID: 1047
2025-11-03 18:18:41 | INFO     | __main__:get_tauron_planned_shutdowns:570 - Province: Dolnośląskie with GAID: 2
2025-11-03 18:18:41 | INFO     | __main__:get_tauron_planned_shutdowns:573 - 	District: bolesławiecki with GAID: 1034
2025-11-03 18:18:41 | INFO     | __main__:get_tauron_planned_shutdowns:573 - 	District: dzierżoniowski with GAID: 1019
2025-11-03 18:18:41 | INFO     | __main__:get_tauron_planned_shutdowns:573 - 	District: głogowski with GAID: 1020
2025-11-03 18:18:42 | INFO     | __main__:get_tauron_planned_shutdowns:573 - 	District: górowski with GAID: 1021
2025-11-03 18:18:42 | INFO     | __main__:get_tauron_planned_shutdowns:573 - 	District: jaworski with GAID: 1022
2025-11-03 18:18:42 | INFO     | __main__:get_tauron_planned_shutdowns:573 - 	District: kamiennogórski with GAID: 1024
2025-11-03 18:18:42 | INFO     | __main__:get_tauron_planned_shutdowns:573 - 	District: kłodzki with GAID: 1025
2025-11-03 18:18:43 | INFO     | __main__:get_tauron_planned_shutdowns:573 - 	District: legnicki with GAID: 1026
2025-11-03 18:18:43 | INFO     | __main__:get_tauron_planned_shutdowns:573 - 	District: lubański with GAID: 1027
2025-11-03 18:18:43 | INFO     | __main__:get_tauron_planned_shutdowns:573 - 	District: lubiński with GAID: 1028
2025-11-03 18:18:43 | INFO     | __main__:get_tauron_planned_shutdowns:573 - 	District: lwówecki with GAID: 1029
2025-11-03 18:18:43 | INFO     | __main__:get_tauron_planned_shutdowns:573 - 	District: milicki with GAID: 1030
2025-11-03 18:18:44 | INFO     | __main__:get_tauron_planned_shutdowns:573 - 	District: oleśnicki with GAID: 1031
2025-11-03 18:18:44 | INFO     | __main__:get_tauron_planned_shutdowns:573 - 	District: oławski with GAID: 1032
2025-11-03 18:18:44 | INFO     | __main__:get_tauron_planned_shutdowns:573 - 	District: polkowicki with GAID: 1033
2025-11-03 18:18:44 | INFO     | __main__:get_tauron_planned_shutdowns:573 - 	District: strzeliński with GAID: 1035
2025-11-03 18:18:44 | INFO     | __main__:get_tauron_planned_shutdowns:573 - 	District: średzki with GAID: 1036
2025-11-03 18:18:44 | INFO     | __main__:get_tauron_planned_shutdowns:573 - 	District: świdnicki with GAID: 1037
2025-11-03 18:18:45 | INFO     | __main__:get_tauron_planned_shutdowns:573 - 	District: trzebnicki with GAID: 1038
2025-11-03 18:18:45 | INFO     | __main__:get_tauron_planned_shutdowns:573 - 	District: wałbrzyski with GAID: 1039
2025-11-03 18:18:45 | INFO     | __main__:get_tauron_planned_shutdowns:573 - 	District: wołowski with GAID: 1040
2025-11-03 18:18:45 | INFO     | __main__:get_tauron_planned_shutdowns:573 - 	District: wrocławski with GAID: 1041
2025-11-03 18:18:47 | INFO     | __main__:get_tauron_planned_shutdowns:573 - 	District: ząbkowicki with GAID: 1042
2025-11-03 18:18:47 | INFO     | __main__:get_tauron_planned_shutdowns:573 - 	District: zgorzelecki with GAID: 1043
2025-11-03 18:18:47 | INFO     | __main__:get_tauron_planned_shutdowns:573 - 	District: złotoryjski with GAID: 1044
2025-11-03 18:18:47 | INFO     | __main__:get_tauron_planned_shutdowns:573 - 	District: jelenia góra with GAID: 1045
2025-11-03 18:18:47 | INFO     | __main__:get_tauron_planned_shutdowns:573 - 	District: legnica with GAID: 1046
2025-11-03 18:18:47 | INFO     | __main__:get_tauron_planned_shutdowns:573 - 	District: wałbrzych with GAID: 1398
2025-11-03 18:18:48 | INFO     | __main__:get_tauron_planned_shutdowns:573 - 	District: wrocław with GAID: 1047
